2025-12-19 13:21:22,980 [main] INFO  net.HttpServer- start HttpServer
2025-12-19 13:21:34,486 [Thread-0] DEBUG net.RequestHandler- GET /resource/part?name=tat&region=16 HTTP/1.1
2025-12-19 13:21:34,489 [Thread-0] DEBUG net.RequestHandler- Host: localhost:8080
2025-12-19 13:21:34,490 [Thread-0] DEBUG net.RequestHandler- Connection: keep-alive
2025-12-19 13:21:34,490 [Thread-0] DEBUG net.RequestHandler- sec-ch-ua: "Chromium";v="142", "YaBrowser";v="25.12", "Not_A Brand";v="99", "Yowser";v="2.5"
2025-12-19 13:21:34,490 [Thread-0] DEBUG net.RequestHandler- sec-ch-ua-mobile: ?0
2025-12-19 13:21:34,490 [Thread-0] DEBUG net.RequestHandler- sec-ch-ua-platform: "Windows"
2025-12-19 13:21:34,491 [Thread-0] DEBUG net.RequestHandler- Upgrade-Insecure-Requests: 1
2025-12-19 13:21:34,492 [Thread-0] DEBUG net.RequestHandler- User-Agent: Mozilla/5.0 (Windows NT 10.0; Win64; x64) AppleWebKit/537.36 (KHTML, like Gecko) Chrome/142.0.0.0 YaBrowser/25.12.0.0 Safari/537.36
2025-12-19 13:21:34,492 [Thread-0] DEBUG net.RequestHandler- Accept: text/html,application/xhtml+xml,application/xml;q=0.9,image/avif,image/webp,image/apng,*/*;q=0.8,application/signed-exchange;v=b3;q=0.7
2025-12-19 13:21:34,492 [Thread-0] DEBUG net.RequestHandler- Sec-Fetch-Site: none
2025-12-19 13:21:34,492 [Thread-0] DEBUG net.RequestHandler- Sec-Fetch-Mode: navigate
2025-12-19 13:21:34,492 [Thread-0] DEBUG net.RequestHandler- Sec-Fetch-User: ?1
2025-12-19 13:21:34,493 [Thread-0] DEBUG net.RequestHandler- Sec-Fetch-Dest: document
2025-12-19 13:21:34,493 [Thread-0] DEBUG net.RequestHandler- Accept-Encoding: gzip, deflate, br, zstd
2025-12-19 13:21:34,493 [Thread-0] DEBUG net.RequestHandler- Accept-Language: ru,en;q=0.9
2025-12-19 13:21:34,493 [Thread-0] DEBUG net.RequestHandler- Cookie: Phpstorm-50b1ddf0=1f54e09d-1a94-4402-9e66-9e69069ed2dd
2025-12-19 13:21:34,493 [Thread-0] DEBUG net.RequestHandler- 
2025-12-19 13:21:34,493 [Thread-0] DEBUG net.RequestHandler- end of request header
2025-12-19 13:21:34,493 [Thread-0] DEBUG net.RequestHandler- outputStreamjava.net.Socket$SocketOutputStream@12ad4890
2025-12-19 13:21:34,495 [Thread-0] DEBUG net.RequestHandler- outputStreamjava.net.Socket$SocketOutputStream@12ad4890
2025-12-19 13:22:34,524 [Thread-1] DEBUG net.RequestHandler- null
