2025-11-22 13:55:37,861 [main] INFO  net.HttpServer- start HttpServer
2025-11-22 13:56:08,585 [Thread-0] DEBUG net.RequestHandler- GET /favicon.ico HTTP/1.1
2025-11-22 13:56:08,589 [Thread-0] DEBUG net.RequestHandler- Host: localhost:8080
2025-11-22 13:56:08,590 [Thread-0] DEBUG net.RequestHandler- Connection: keep-alive
2025-11-22 13:56:08,590 [Thread-0] DEBUG net.RequestHandler- Sec-Fetch-Site: none
2025-11-22 13:56:08,590 [Thread-0] DEBUG net.RequestHandler- Sec-Fetch-Mode: no-cors
2025-11-22 13:56:08,591 [Thread-0] DEBUG net.RequestHandler- Sec-Fetch-Dest: empty
2025-11-22 13:56:08,591 [Thread-0] DEBUG net.RequestHandler- User-Agent: Mozilla/5.0 (Windows NT 10.0; Win64; x64) AppleWebKit/537.36 (KHTML, like Gecko) Chrome/140.0.0.0 YaBrowser/25.10.0.0 Safari/537.36
2025-11-22 13:56:08,593 [Thread-0] DEBUG net.RequestHandler- Accept-Encoding: gzip, deflate, br, zstd
2025-11-22 13:56:08,593 [Thread-0] DEBUG net.RequestHandler- Accept-Language: ru,en;q=0.9
2025-11-22 13:56:08,594 [Thread-0] DEBUG net.RequestHandler- 
2025-11-22 13:56:08,594 [Thread-0] DEBUG net.RequestHandler- end of request header
2025-11-22 13:56:08,595 [Thread-0] DEBUG net.RequestHandler- outputStreamjava.net.Socket$SocketOutputStream@6eaee7e8
2025-11-22 13:56:08,599 [Thread-0] DEBUG net.RequestHandler- outputStreamjava.net.Socket$SocketOutputStream@6eaee7e8
2025-11-22 13:56:14,249 [Thread-1] DEBUG net.RequestHandler- GET /lab03/game HTTP/1.1
2025-11-22 13:56:14,249 [Thread-1] DEBUG net.RequestHandler- Host: localhost:8080
2025-11-22 13:56:14,249 [Thread-1] DEBUG net.RequestHandler- Connection: keep-alive
2025-11-22 13:56:14,249 [Thread-1] DEBUG net.RequestHandler- sec-ch-ua: "Chromium";v="140", "Not=A?Brand";v="24", "YaBrowser";v="25.10", "Yowser";v="2.5"
2025-11-22 13:56:14,250 [Thread-1] DEBUG net.RequestHandler- sec-ch-ua-mobile: ?0
2025-11-22 13:56:14,250 [Thread-1] DEBUG net.RequestHandler- sec-ch-ua-platform: "Windows"
2025-11-22 13:56:14,250 [Thread-1] DEBUG net.RequestHandler- Upgrade-Insecure-Requests: 1
2025-11-22 13:56:14,250 [Thread-1] DEBUG net.RequestHandler- User-Agent: Mozilla/5.0 (Windows NT 10.0; Win64; x64) AppleWebKit/537.36 (KHTML, like Gecko) Chrome/140.0.0.0 YaBrowser/25.10.0.0 Safari/537.36
2025-11-22 13:56:14,250 [Thread-1] DEBUG net.RequestHandler- Accept: text/html,application/xhtml+xml,application/xml;q=0.9,image/avif,image/webp,image/apng,*/*;q=0.8,application/signed-exchange;v=b3;q=0.7
2025-11-22 13:56:14,250 [Thread-1] DEBUG net.RequestHandler- Sec-Fetch-Site: none
2025-11-22 13:56:14,250 [Thread-1] DEBUG net.RequestHandler- Sec-Fetch-Mode: navigate
2025-11-22 13:56:14,250 [Thread-1] DEBUG net.RequestHandler- Sec-Fetch-User: ?1
2025-11-22 13:56:14,250 [Thread-1] DEBUG net.RequestHandler- Sec-Fetch-Dest: document
2025-11-22 13:56:14,250 [Thread-1] DEBUG net.RequestHandler- Accept-Encoding: gzip, deflate, br, zstd
2025-11-22 13:56:14,251 [Thread-1] DEBUG net.RequestHandler- Accept-Language: ru,en;q=0.9
2025-11-22 13:56:14,251 [Thread-1] DEBUG net.RequestHandler- Cookie: Phpstorm-50b1ddf0=1f54e09d-1a94-4402-9e66-9e69069ed2dd
2025-11-22 13:56:14,251 [Thread-1] DEBUG net.RequestHandler- 
2025-11-22 13:56:14,251 [Thread-1] DEBUG net.RequestHandler- end of request header
2025-11-22 13:56:14,251 [Thread-1] DEBUG net.RequestHandler- outputStreamjava.net.Socket$SocketOutputStream@6145447e
2025-11-22 13:56:14,251 [Thread-1] DEBUG net.RequestHandler- outputStreamjava.net.Socket$SocketOutputStream@6145447e
2025-11-22 13:56:17,560 [Thread-2] DEBUG net.RequestHandler- GET / HTTP/1.1
2025-11-22 13:56:17,561 [Thread-2] DEBUG net.RequestHandler- Host: localhost:8080
2025-11-22 13:56:17,561 [Thread-2] DEBUG net.RequestHandler- Connection: keep-alive
2025-11-22 13:56:17,561 [Thread-2] DEBUG net.RequestHandler- sec-ch-ua: "Chromium";v="140", "Not=A?Brand";v="24", "YaBrowser";v="25.10", "Yowser";v="2.5"
2025-11-22 13:56:17,561 [Thread-2] DEBUG net.RequestHandler- sec-ch-ua-mobile: ?0
2025-11-22 13:56:17,561 [Thread-2] DEBUG net.RequestHandler- sec-ch-ua-platform: "Windows"
2025-11-22 13:56:17,561 [Thread-2] DEBUG net.RequestHandler- Upgrade-Insecure-Requests: 1
2025-11-22 13:56:17,561 [Thread-2] DEBUG net.RequestHandler- User-Agent: Mozilla/5.0 (Windows NT 10.0; Win64; x64) AppleWebKit/537.36 (KHTML, like Gecko) Chrome/140.0.0.0 YaBrowser/25.10.0.0 Safari/537.36
2025-11-22 13:56:17,561 [Thread-2] DEBUG net.RequestHandler- Accept: text/html,application/xhtml+xml,application/xml;q=0.9,image/avif,image/webp,image/apng,*/*;q=0.8,application/signed-exchange;v=b3;q=0.7
2025-11-22 13:56:17,563 [Thread-2] DEBUG net.RequestHandler- Sec-Fetch-Site: none
2025-11-22 13:56:17,563 [Thread-2] DEBUG net.RequestHandler- Sec-Fetch-Mode: navigate
2025-11-22 13:56:17,563 [Thread-2] DEBUG net.RequestHandler- Sec-Fetch-User: ?1
2025-11-22 13:56:17,563 [Thread-2] DEBUG net.RequestHandler- Sec-Fetch-Dest: document
2025-11-22 13:56:17,563 [Thread-2] DEBUG net.RequestHandler- Accept-Encoding: gzip, deflate, br, zstd
2025-11-22 13:56:17,563 [Thread-2] DEBUG net.RequestHandler- Accept-Language: ru,en;q=0.9
2025-11-22 13:56:17,563 [Thread-2] DEBUG net.RequestHandler- Cookie: Phpstorm-50b1ddf0=1f54e09d-1a94-4402-9e66-9e69069ed2dd
2025-11-22 13:56:17,564 [Thread-2] DEBUG net.RequestHandler- 
2025-11-22 13:56:17,564 [Thread-2] DEBUG net.RequestHandler- end of request header
2025-11-22 13:56:17,564 [Thread-2] DEBUG net.RequestHandler- outputStreamjava.net.Socket$SocketOutputStream@4b0f76ca
2025-11-22 13:56:17,564 [Thread-2] DEBUG net.RequestHandler- outputStreamjava.net.Socket$SocketOutputStream@4b0f76ca
2025-11-22 13:56:31,927 [Thread-3] DEBUG net.RequestHandler- GET /home HTTP/1.1
2025-11-22 13:56:31,928 [Thread-3] DEBUG net.RequestHandler- Host: localhost:8080
2025-11-22 13:56:31,928 [Thread-3] DEBUG net.RequestHandler- Connection: keep-alive
2025-11-22 13:56:31,928 [Thread-3] DEBUG net.RequestHandler- sec-ch-ua: "Chromium";v="140", "Not=A?Brand";v="24", "YaBrowser";v="25.10", "Yowser";v="2.5"
2025-11-22 13:56:31,928 [Thread-3] DEBUG net.RequestHandler- sec-ch-ua-mobile: ?0
2025-11-22 13:56:31,928 [Thread-3] DEBUG net.RequestHandler- sec-ch-ua-platform: "Windows"
2025-11-22 13:56:31,928 [Thread-3] DEBUG net.RequestHandler- Upgrade-Insecure-Requests: 1
2025-11-22 13:56:31,928 [Thread-3] DEBUG net.RequestHandler- User-Agent: Mozilla/5.0 (Windows NT 10.0; Win64; x64) AppleWebKit/537.36 (KHTML, like Gecko) Chrome/140.0.0.0 YaBrowser/25.10.0.0 Safari/537.36
2025-11-22 13:56:31,930 [Thread-3] DEBUG net.RequestHandler- Accept: text/html,application/xhtml+xml,application/xml;q=0.9,image/avif,image/webp,image/apng,*/*;q=0.8,application/signed-exchange;v=b3;q=0.7
2025-11-22 13:56:31,932 [Thread-3] DEBUG net.RequestHandler- Sec-Fetch-Site: none
2025-11-22 13:56:31,932 [Thread-3] DEBUG net.RequestHandler- Sec-Fetch-Mode: navigate
2025-11-22 13:56:31,932 [Thread-3] DEBUG net.RequestHandler- Sec-Fetch-User: ?1
2025-11-22 13:56:31,932 [Thread-3] DEBUG net.RequestHandler- Sec-Fetch-Dest: document
2025-11-22 13:56:31,932 [Thread-3] DEBUG net.RequestHandler- Accept-Encoding: gzip, deflate, br, zstd
2025-11-22 13:56:31,934 [Thread-3] DEBUG net.RequestHandler- Accept-Language: ru,en;q=0.9
2025-11-22 13:56:31,934 [Thread-3] DEBUG net.RequestHandler- Cookie: Phpstorm-50b1ddf0=1f54e09d-1a94-4402-9e66-9e69069ed2dd
2025-11-22 13:56:31,934 [Thread-3] DEBUG net.RequestHandler- 
2025-11-22 13:56:31,935 [Thread-3] DEBUG net.RequestHandler- end of request header
2025-11-22 13:56:31,935 [Thread-3] DEBUG net.RequestHandler- outputStreamjava.net.Socket$SocketOutputStream@c1d9cff
2025-11-22 13:56:31,935 [Thread-3] DEBUG net.RequestHandler- outputStreamjava.net.Socket$SocketOutputStream@c1d9cff
2025-11-22 13:57:40,079 [Thread-4] DEBUG net.RequestHandler- GET /home HTTP/1.1
2025-11-22 13:57:40,080 [Thread-4] DEBUG net.RequestHandler- Host: localhost:8080
2025-11-22 13:57:40,081 [Thread-4] DEBUG net.RequestHandler- Connection: keep-alive
2025-11-22 13:57:40,081 [Thread-4] DEBUG net.RequestHandler- Cache-Control: max-age=0
2025-11-22 13:57:40,081 [Thread-4] DEBUG net.RequestHandler- sec-ch-ua: "Chromium";v="140", "Not=A?Brand";v="24", "YaBrowser";v="25.10", "Yowser";v="2.5"
2025-11-22 13:57:40,082 [Thread-4] DEBUG net.RequestHandler- sec-ch-ua-mobile: ?0
2025-11-22 13:57:40,082 [Thread-4] DEBUG net.RequestHandler- sec-ch-ua-platform: "Windows"
2025-11-22 13:57:40,082 [Thread-4] DEBUG net.RequestHandler- Upgrade-Insecure-Requests: 1
2025-11-22 13:57:40,082 [Thread-4] DEBUG net.RequestHandler- User-Agent: Mozilla/5.0 (Windows NT 10.0; Win64; x64) AppleWebKit/537.36 (KHTML, like Gecko) Chrome/140.0.0.0 YaBrowser/25.10.0.0 Safari/537.36
2025-11-22 13:57:40,082 [Thread-4] DEBUG net.RequestHandler- Accept: text/html,application/xhtml+xml,application/xml;q=0.9,image/avif,image/webp,image/apng,*/*;q=0.8,application/signed-exchange;v=b3;q=0.7
2025-11-22 13:57:40,083 [Thread-4] DEBUG net.RequestHandler- Sec-Fetch-Site: none
2025-11-22 13:57:40,083 [Thread-4] DEBUG net.RequestHandler- Sec-Fetch-Mode: navigate
2025-11-22 13:57:40,083 [Thread-4] DEBUG net.RequestHandler- Sec-Fetch-User: ?1
2025-11-22 13:57:40,085 [Thread-4] DEBUG net.RequestHandler- Sec-Fetch-Dest: document
2025-11-22 13:57:40,085 [Thread-4] DEBUG net.RequestHandler- Accept-Encoding: gzip, deflate, br, zstd
2025-11-22 13:57:40,085 [Thread-4] DEBUG net.RequestHandler- Accept-Language: ru,en;q=0.9
2025-11-22 13:57:40,085 [Thread-4] DEBUG net.RequestHandler- Cookie: Phpstorm-50b1ddf0=1f54e09d-1a94-4402-9e66-9e69069ed2dd
2025-11-22 13:57:40,085 [Thread-4] DEBUG net.RequestHandler- 
2025-11-22 13:57:40,085 [Thread-4] DEBUG net.RequestHandler- end of request header
2025-11-22 13:57:40,085 [Thread-4] DEBUG net.RequestHandler- outputStreamjava.net.Socket$SocketOutputStream@77a1127c
2025-11-22 13:57:40,086 [Thread-4] DEBUG net.RequestHandler- outputStreamjava.net.Socket$SocketOutputStream@77a1127c
2025-11-22 14:05:25,601 [Thread-5] DEBUG net.RequestHandler- GET /favicon.ico HTTP/1.1
2025-11-22 14:05:25,602 [Thread-5] DEBUG net.RequestHandler- Host: localhost:8080
2025-11-22 14:05:25,602 [Thread-5] DEBUG net.RequestHandler- Connection: keep-alive
2025-11-22 14:05:25,602 [Thread-5] DEBUG net.RequestHandler- sec-ch-ua-platform: "Windows"
2025-11-22 14:05:25,602 [Thread-5] DEBUG net.RequestHandler- User-Agent: Mozilla/5.0 (Windows NT 10.0; Win64; x64) AppleWebKit/537.36 (KHTML, like Gecko) Chrome/140.0.0.0 YaBrowser/25.10.0.0 Safari/537.36
2025-11-22 14:05:25,602 [Thread-5] DEBUG net.RequestHandler- sec-ch-ua: "Chromium";v="140", "Not=A?Brand";v="24", "YaBrowser";v="25.10", "Yowser";v="2.5"
2025-11-22 14:05:25,602 [Thread-5] DEBUG net.RequestHandler- sec-ch-ua-mobile: ?0
2025-11-22 14:05:25,602 [Thread-5] DEBUG net.RequestHandler- Accept: image/avif,image/webp,image/apng,image/svg+xml,image/*,*/*;q=0.8
2025-11-22 14:05:25,602 [Thread-5] DEBUG net.RequestHandler- Sec-Fetch-Site: same-origin
2025-11-22 14:05:25,602 [Thread-5] DEBUG net.RequestHandler- Sec-Fetch-Mode: no-cors
2025-11-22 14:05:25,602 [Thread-5] DEBUG net.RequestHandler- Sec-Fetch-Dest: image
2025-11-22 14:05:25,603 [Thread-5] DEBUG net.RequestHandler- Referer: http://localhost:8080/home
2025-11-22 14:05:25,603 [Thread-5] DEBUG net.RequestHandler- Accept-Encoding: gzip, deflate, br, zstd
2025-11-22 14:05:25,603 [Thread-5] DEBUG net.RequestHandler- Accept-Language: ru,en;q=0.9
2025-11-22 14:05:25,603 [Thread-5] DEBUG net.RequestHandler- Cookie: Phpstorm-50b1ddf0=1f54e09d-1a94-4402-9e66-9e69069ed2dd
2025-11-22 14:05:25,603 [Thread-5] DEBUG net.RequestHandler- 
2025-11-22 14:05:25,603 [Thread-5] DEBUG net.RequestHandler- end of request header
2025-11-22 14:05:25,603 [Thread-5] DEBUG net.RequestHandler- outputStreamjava.net.Socket$SocketOutputStream@2cb819e2
2025-11-22 14:05:25,603 [Thread-5] DEBUG net.RequestHandler- outputStreamjava.net.Socket$SocketOutputStream@2cb819e2
2025-11-22 14:06:22,511 [Thread-6] DEBUG net.RequestHandler- GET /home?name=Danil&surname=romanov HTTP/1.1
2025-11-22 14:06:22,513 [Thread-6] DEBUG net.RequestHandler- Host: localhost:8080
2025-11-22 14:06:22,514 [Thread-6] DEBUG net.RequestHandler- Connection: keep-alive
2025-11-22 14:06:22,515 [Thread-6] DEBUG net.RequestHandler- sec-ch-ua: "Chromium";v="140", "Not=A?Brand";v="24", "YaBrowser";v="25.10", "Yowser";v="2.5"
2025-11-22 14:06:22,515 [Thread-6] DEBUG net.RequestHandler- sec-ch-ua-mobile: ?0
2025-11-22 14:06:22,515 [Thread-6] DEBUG net.RequestHandler- sec-ch-ua-platform: "Windows"
2025-11-22 14:06:22,516 [Thread-6] DEBUG net.RequestHandler- Upgrade-Insecure-Requests: 1
2025-11-22 14:06:22,516 [Thread-6] DEBUG net.RequestHandler- User-Agent: Mozilla/5.0 (Windows NT 10.0; Win64; x64) AppleWebKit/537.36 (KHTML, like Gecko) Chrome/140.0.0.0 YaBrowser/25.10.0.0 Safari/537.36
2025-11-22 14:06:22,516 [Thread-6] DEBUG net.RequestHandler- Accept: text/html,application/xhtml+xml,application/xml;q=0.9,image/avif,image/webp,image/apng,*/*;q=0.8,application/signed-exchange;v=b3;q=0.7
2025-11-22 14:06:22,517 [Thread-6] DEBUG net.RequestHandler- Sec-Fetch-Site: none
2025-11-22 14:06:22,517 [Thread-6] DEBUG net.RequestHandler- Sec-Fetch-Mode: navigate
2025-11-22 14:06:22,518 [Thread-6] DEBUG net.RequestHandler- Sec-Fetch-User: ?1
2025-11-22 14:06:22,520 [Thread-6] DEBUG net.RequestHandler- Sec-Fetch-Dest: document
2025-11-22 14:06:22,521 [Thread-6] DEBUG net.RequestHandler- Accept-Encoding: gzip, deflate, br, zstd
2025-11-22 14:06:22,521 [Thread-6] DEBUG net.RequestHandler- Accept-Language: ru,en;q=0.9
2025-11-22 14:06:22,521 [Thread-6] DEBUG net.RequestHandler- Cookie: Phpstorm-50b1ddf0=1f54e09d-1a94-4402-9e66-9e69069ed2dd
2025-11-22 14:06:22,522 [Thread-6] DEBUG net.RequestHandler- 
2025-11-22 14:06:22,522 [Thread-6] DEBUG net.RequestHandler- end of request header
2025-11-22 14:06:22,522 [Thread-6] DEBUG net.RequestHandler- outputStreamjava.net.Socket$SocketOutputStream@fae1f11
2025-11-22 14:06:22,522 [Thread-6] DEBUG net.RequestHandler- outputStreamjava.net.Socket$SocketOutputStream@fae1f11
2025-11-22 14:06:56,365 [main] INFO  net.HttpServer- start HttpServer
2025-11-22 14:07:06,795 [Thread-0] DEBUG net.RequestHandler- GET /home?name=Danil&surname=romanov HTTP/1.1
2025-11-22 14:07:06,797 [Thread-0] DEBUG net.RequestHandler- Host: localhost:8080
2025-11-22 14:07:06,797 [Thread-0] DEBUG net.RequestHandler- Connection: keep-alive
2025-11-22 14:07:06,798 [Thread-0] DEBUG net.RequestHandler- Cache-Control: max-age=0
2025-11-22 14:07:06,798 [Thread-0] DEBUG net.RequestHandler- sec-ch-ua: "Chromium";v="140", "Not=A?Brand";v="24", "YaBrowser";v="25.10", "Yowser";v="2.5"
2025-11-22 14:07:06,798 [Thread-0] DEBUG net.RequestHandler- sec-ch-ua-mobile: ?0
2025-11-22 14:07:06,798 [Thread-0] DEBUG net.RequestHandler- sec-ch-ua-platform: "Windows"
2025-11-22 14:07:06,799 [Thread-0] DEBUG net.RequestHandler- Upgrade-Insecure-Requests: 1
2025-11-22 14:07:06,799 [Thread-0] DEBUG net.RequestHandler- User-Agent: Mozilla/5.0 (Windows NT 10.0; Win64; x64) AppleWebKit/537.36 (KHTML, like Gecko) Chrome/140.0.0.0 YaBrowser/25.10.0.0 Safari/537.36
2025-11-22 14:07:06,799 [Thread-0] DEBUG net.RequestHandler- Accept: text/html,application/xhtml+xml,application/xml;q=0.9,image/avif,image/webp,image/apng,*/*;q=0.8,application/signed-exchange;v=b3;q=0.7
2025-11-22 14:07:06,799 [Thread-0] DEBUG net.RequestHandler- Sec-Fetch-Site: none
2025-11-22 14:07:06,799 [Thread-0] DEBUG net.RequestHandler- Sec-Fetch-Mode: navigate
2025-11-22 14:07:06,799 [Thread-0] DEBUG net.RequestHandler- Sec-Fetch-User: ?1
2025-11-22 14:07:06,800 [Thread-0] DEBUG net.RequestHandler- Sec-Fetch-Dest: document
2025-11-22 14:07:06,800 [Thread-0] DEBUG net.RequestHandler- Accept-Encoding: gzip, deflate, br, zstd
2025-11-22 14:07:06,800 [Thread-0] DEBUG net.RequestHandler- Accept-Language: ru,en;q=0.9
2025-11-22 14:07:06,800 [Thread-0] DEBUG net.RequestHandler- Cookie: Phpstorm-50b1ddf0=1f54e09d-1a94-4402-9e66-9e69069ed2dd
2025-11-22 14:07:06,800 [Thread-0] DEBUG net.RequestHandler- 
2025-11-22 14:07:06,802 [Thread-0] DEBUG net.RequestHandler- end of request header
2025-11-22 14:07:06,802 [Thread-0] DEBUG net.RequestHandler- outputStreamjava.net.Socket$SocketOutputStream@9f75e31
2025-11-22 14:07:06,802 [Thread-0] DEBUG net.RequestHandler- outputStreamjava.net.Socket$SocketOutputStream@9f75e31
